ShapeMeshes.obj : error LNK2019: unresolved external symbol __imp___glewBindBuffer referenced in function "public: void __cdecl ShapeMeshes::LoadBoxMesh(void)" (?LoadBoxMesh@ShapeMeshes@@QEAAXXZ)
ShapeMeshes.obj : error LNK2019: unresolved external symbol __imp___glewBufferData referenced in function "public: void __cdecl ShapeMeshes::LoadBoxMesh(void)" (?LoadBoxMesh@ShapeMeshes@@QEAAXXZ)
ShapeMeshes.obj : error LNK2019: unresolved external symbol __imp___glewGenBuffers referenced in function "public: void __cdecl ShapeMeshes::LoadBoxMesh(void)" (?LoadBoxMesh@ShapeMeshes@@QEAAXXZ)
ShapeMeshes.obj : error LNK2019: unresolved external symbol __imp___glewEnableVertexAttribArray referenced in function "private: void __cdecl ShapeMeshes::SetShaderMemoryLayout(void)" (?SetShaderMemoryLayout@ShapeMeshes@@AEAAXXZ)
ShapeMeshes.obj : error LNK2019: unresolved external symbol __imp___glewVertexAttribPointer referenced in function "private: void __cdecl ShapeMeshes::SetShaderMemoryLayout(void)" (?SetShaderMemoryLayout@ShapeMeshes@@AEAAXXZ)
ShapeMeshes.obj : error LNK2019: unresolved external symbol __imp___glewBindVertexArray referenced in function "public: void __cdecl ShapeMeshes::DrawBoxMesh(void)" (?DrawBoxMesh@ShapeMeshes@@QEAAXXZ)
ShapeMeshes.obj : error LNK2019: unresolved external symbol __imp___glewGenVertexArrays referenced in function "public: void __cdecl ShapeMeshes::LoadBoxMesh(void)" (?LoadBoxMesh@ShapeMeshes@@QEAAXXZ)
ShaderManager.obj : error LNK2019: unresolved external symbol __imp___glewAttachShader referenced in function "public: unsigned int __cdecl ShaderManager::LoadShaders(char const *,char const *)" (?LoadShaders@ShaderManager@@QEAAIPEBD0@Z)
ShaderManager.obj : error LNK2019: unresolved external symbol __imp___glewCompileShader referenced in function "public: unsigned int __cdecl ShaderManager::LoadShaders(char const *,char const *)" (?LoadShaders@ShaderManager@@QEAAIPEBD0@Z)
ShaderManager.obj : error LNK2019: unresolved external symbol __imp___glewCreateProgram referenced in function "public: unsigned int __cdecl ShaderManager::LoadShaders(char const *,char const *)" (?LoadShaders@ShaderManager@@QEAAIPEBD0@Z)
ShaderManager.obj : error LNK2019: unresolved external symbol __imp___glewCreateShader referenced in function "public: unsigned int __cdecl ShaderManager::LoadShaders(char const *,char const *)" (?LoadShaders@ShaderManager@@QEAAIPEBD0@Z)
ShaderManager.obj : error LNK2019: unresolved external symbol __imp___glewDeleteShader referenced in function "public: unsigned int __cdecl ShaderManager::LoadShaders(char const *,char const *)" (?LoadShaders@ShaderManager@@QEAAIPEBD0@Z)
ShaderManager.obj : error LNK2019: unresolved external symbol __imp___glewDetachShader referenced in function "public: unsigned int __cdecl ShaderManager::LoadShaders(char const *,char const *)" (?LoadShaders@ShaderManager@@QEAAIPEBD0@Z)
ShaderManager.obj : error LNK2019: unresolved external symbol __imp___glewGetProgramInfoLog referenced in function "public: unsigned int __cdecl ShaderManager::LoadShaders(char const *,char const *)" (?LoadShaders@ShaderManager@@QEAAIPEBD0@Z)
ShaderManager.obj : error LNK2019: unresolved external symbol __imp___glewGetProgramiv referenced in function "public: unsigned int __cdecl ShaderManager::LoadShaders(char const *,char const *)" (?LoadShaders@ShaderManager@@QEAAIPEBD0@Z)
ShaderManager.obj : error LNK2019: unresolved external symbol __imp___glewGetShaderInfoLog referenced in function "public: unsigned int __cdecl ShaderManager::LoadShaders(char const *,char const *)" (?LoadShaders@ShaderManager@@QEAAIPEBD0@Z)
ShaderManager.obj : error LNK2019: unresolved external symbol __imp___glewGetShaderiv referenced in function "public: unsigned int __cdecl ShaderManager::LoadShaders(char const *,char const *)" (?LoadShaders@ShaderManager@@QEAAIPEBD0@Z)
ShaderManager.obj : error LNK2019: unresolved external symbol __imp___glewLinkProgram referenced in function "public: unsigned int __cdecl ShaderManager::LoadShaders(char const *,char const *)" (?LoadShaders@ShaderManager@@QEAAIPEBD0@Z)
ShaderManager.obj : error LNK2019: unresolved external symbol __imp___glewShaderSource referenced in function "public: unsigned int __cdecl ShaderManager::LoadShaders(char const *,char const *)" (?LoadShaders@ShaderManager@@QEAAIPEBD0@Z)
MainCode.obj : error LNK2019: unresolved external symbol __imp_glewInit referenced in function "bool __cdecl InitializeGLEW(void)" (?InitializeGLEW@@YA_NXZ)
MainCode.obj : error LNK2019: unresolved external symbol __imp_glewGetErrorString referenced in function "bool __cdecl InitializeGLEW(void)" (?InitializeGLEW@@YA_NXZ)
MainCode.obj : error LNK2019: unresolved external symbol glfwInit referenced in function "bool __cdecl InitializeGLFW(void)" (?InitializeGLFW@@YA_NXZ)
MainCode.obj : error LNK2019: unresolved external symbol glfwWindowHint referenced in function "bool __cdecl InitializeGLFW(void)" (?InitializeGLFW@@YA_NXZ)
MainCode.obj : error LNK2019: unresolved external symbol glfwWindowShouldClose referenced in function main
MainCode.obj : error LNK2019: unresolved external symbol glfwPollEvents referenced in function main
MainCode.obj : error LNK2019: unresolved external symbol glfwSwapBuffers referenced in function main
MainCode.obj : error LNK2019: unresolved external symbol __imp___glewUseProgram referenced in function "public: void __cdecl ShaderManager::use(void)" (?use@ShaderManager@@QEAAXXZ)
SceneManager.obj : error LNK2019: unresolved external symbol __imp___glewActiveTexture referenced in function "private: void __cdecl SceneManager::BindGLTextures(void)" (?BindGLTextures@SceneManager@@AEAAXXZ)
SceneManager.obj : error LNK2019: unresolved external symbol __imp___glewGetUniformLocation referenced in function "public: void __cdecl ShaderManager::setBoolValue(class std::basic_string<char,struct std::char_traits<char>,class std::allocator<char> > const &,bool)const " (?setBoolValue@ShaderManager@@QEBAXAEBV?$basic_string@DU?$char_traits@D@std@@V?$allocator@D@2@@std@@_N@Z)
ViewManager.obj : error LNK2001: unresolved external symbol __imp___glewGetUniformLocation
SceneManager.obj : error LNK2019: unresolved external symbol __imp___glewUniform1f referenced in function "public: void __cdecl ShaderManager::setFloatValue(class std::basic_string<char,struct std::char_traits<char>,class std::allocator<char> > const &,float)const " (?setFloatValue@ShaderManager@@QEBAXAEBV?$basic_string@DU?$char_traits@D@std@@V?$allocator@D@2@@std@@M@Z)
SceneManager.obj : error LNK2019: unresolved external symbol __imp___glewUniform1i referenced in function "public: void __cdecl ShaderManager::setBoolValue(class std::basic_string<char,struct std::char_traits<char>,class std::allocator<char> > const &,bool)const " (?setBoolValue@ShaderManager@@QEBAXAEBV?$basic_string@DU?$char_traits@D@std@@V?$allocator@D@2@@std@@_N@Z)
SceneManager.obj : error LNK2019: unresolved external symbol __imp___glewUniform2fv referenced in function "public: void __cdecl ShaderManager::setVec2Value(class std::basic_string<char,struct std::char_traits<char>,class std::allocator<char> > const &,struct glm::vec<2,float,0> const &)const " (?setVec2Value@ShaderManager@@QEBAXAEBV?$basic_string@DU?$char_traits@D@std@@V?$allocator@D@2@@std@@AEBU?$vec@$01M$0A@@glm@@@Z)
SceneManager.obj : error LNK2019: unresolved external symbol __imp___glewUniform3f referenced in function "public: void __cdecl ShaderManager::setVec3Value(class std::basic_string<char,struct std::char_traits<char>,class std::allocator<char> > const &,float,float,float)const " (?setVec3Value@ShaderManager@@QEBAXAEBV?$basic_string@DU?$char_traits@D@std@@V?$allocator@D@2@@std@@MMM@Z)
SceneManager.obj : error LNK2019: unresolved external symbol __imp___glewUniform3fv referenced in function "public: void __cdecl ShaderManager::setVec3Value(class std::basic_string<char,struct std::char_traits<char>,class std::allocator<char> > const &,struct glm::vec<3,float,0> const &)const " (?setVec3Value@ShaderManager@@QEBAXAEBV?$basic_string@DU?$char_traits@D@std@@V?$allocator@D@2@@std@@AEBU?$vec@$02M$0A@@glm@@@Z)
ViewManager.obj : error LNK2001: unresolved external symbol __imp___glewUniform3fv
SceneManager.obj : error LNK2019: unresolved external symbol __imp___glewUniform4fv referenced in function "public: void __cdecl ShaderManager::setVec4Value(class std::basic_string<char,struct std::char_traits<char>,class std::allocator<char> > const &,struct glm::vec<4,float,0> const &)const " (?setVec4Value@ShaderManager@@QEBAXAEBV?$basic_string@DU?$char_traits@D@std@@V?$allocator@D@2@@std@@AEBU?$vec@$03M$0A@@glm@@@Z)
SceneManager.obj : error LNK2019: unresolved external symbol __imp___glewUniformMatrix4fv referenced in function "public: void __cdecl ShaderManager::setMat4Value(class std::basic_string<char,struct std::char_traits<char>,class std::allocator<char> > const &,struct glm::mat<4,4,float,0> const &)const " (?setMat4Value@ShaderManager@@QEBAXAEBV?$basic_string@DU?$char_traits@D@std@@V?$allocator@D@2@@std@@AEBU?$mat@$03$03M$0A@@glm@@@Z)
ViewManager.obj : error LNK2001: unresolved external symbol __imp___glewUniformMatrix4fv
SceneManager.obj : error LNK2019: unresolved external symbol __imp___glewGenerateMipmap referenced in function "private: bool __cdecl SceneManager::CreateGLTexture(char const *,class std::basic_string<char,struct std::char_traits<char>,class std::allocator<char> >)" (?CreateGLTexture@SceneManager@@AEAA_NPEBDV?$basic_string@DU?$char_traits@D@std@@V?$allocator@D@2@@std@@@Z)
ViewManager.obj : error LNK2019: unresolved external symbol glfwTerminate referenced in function "public: struct GLFWwindow * __cdecl ViewManager::CreateDisplayWindow(char const *)" (?CreateDisplayWindow@ViewManager@@QEAAPEAUGLFWwindow@@PEBD@Z)
ViewManager.obj : error LNK2019: unresolved external symbol glfwCreateWindow referenced in function "public: struct GLFWwindow * __cdecl ViewManager::CreateDisplayWindow(char const *)" (?CreateDisplayWindow@ViewManager@@QEAAPEAUGLFWwindow@@PEBD@Z)
ViewManager.obj : error LNK2019: unresolved external symbol glfwSetWindowShouldClose referenced in function "private: void __cdecl ViewManager::ProcessKeyboardEvents(void)" (?ProcessKeyboardEvents@ViewManager@@AEAAXXZ)
ViewManager.obj : error LNK2019: unresolved external symbol glfwSetInputMode referenced in function "public: struct GLFWwindow * __cdecl ViewManager::CreateDisplayWindow(char const *)" (?CreateDisplayWindow@ViewManager@@QEAAPEAUGLFWwindow@@PEBD@Z)
ViewManager.obj : error LNK2019: unresolved external symbol glfwGetKey referenced in function "private: void __cdecl ViewManager::ProcessKeyboardEvents(void)" (?ProcessKeyboardEvents@ViewManager@@AEAAXXZ)
ViewManager.obj : error LNK2019: unresolved external symbol glfwSetCursorPosCallback referenced in function "public: struct GLFWwindow * __cdecl ViewManager::CreateDisplayWindow(char const *)" (?CreateDisplayWindow@ViewManager@@QEAAPEAUGLFWwindow@@PEBD@Z)
ViewManager.obj : error LNK2019: unresolved external symbol glfwSetScrollCallback referenced in function "public: struct GLFWwindow * __cdecl ViewManager::CreateDisplayWindow(char const *)" (?CreateDisplayWindow@ViewManager@@QEAAPEAUGLFWwindow@@PEBD@Z)
ViewManager.obj : error LNK2019: unresolved external symbol glfwGetTime referenced in function "public: void __cdecl ViewManager::PrepareSceneView(void)" (?PrepareSceneView@ViewManager@@QEAAXXZ)
ViewManager.obj : error LNK2019: unresolved external symbol glfwMakeContextCurrent referenced in function "public: struct GLFWwindow * __cdecl ViewManager::CreateDisplayWindow(char const *)" (?CreateDisplayWindow@ViewManager@@QEAAPEAUGLFWwindow@@PEBD@Z)
..\..\Libraries\GLEW\lib\Release\Win32\glew32.lib : warning LNK4272: library machine type 'x86' conflicts with target machine type 'x64'
..\..\Libraries\GLFW\lib-vc2022\glfw3.lib : warning LNK4272: library machine type 'x86' conflicts with target machine type 'x64'
C:\Users\mlore\OneDrive\Desktop\CS330Content-Final\Projects\7-1_FinalProjectMilestones\x64\Debug\7-1_FinalProjectMilestones.exe : fatal error LNK1120: 46 unresolved externals
